  EnemyA.cpp
  EnemyB.cpp
  Fighter.cpp
  FlyingObject.cpp
C:\Users\村田 陸王\Downloads\Shooting\Shooting\FlyingObject.cpp(48,58): warning C4244: '引数': 'double' から 'int' への変換です。データが失われる可能性があります。
C:\Users\村田 陸王\Downloads\Shooting\Shooting\FlyingObject.cpp(48,46): warning C4244: '引数': 'double' から 'int' への変換です。データが失われる可能性があります。
C:\Users\村田 陸王\Downloads\Shooting\Shooting\FlyingObject.cpp(48,34): warning C4244: '引数': 'double' から 'int' への変換です。データが失われる可能性があります。
C:\Users\村田 陸王\Downloads\Shooting\Shooting\FlyingObject.cpp(48,22): warning C4244: '引数': 'double' から 'int' への変換です。データが失われる可能性があります。
  MissileA.cpp
C:\Users\村田 陸王\Downloads\Shooting\Shooting\MissileA.cpp(30,58): warning C4244: '引数': 'double' から 'int' への変換です。データが失われる可能性があります。
C:\Users\村田 陸王\Downloads\Shooting\Shooting\MissileA.cpp(30,46): warning C4244: '引数': 'double' から 'int' への変換です。データが失われる可能性があります。
C:\Users\村田 陸王\Downloads\Shooting\Shooting\MissileA.cpp(30,34): warning C4244: '引数': 'double' から 'int' への変換です。データが失われる可能性があります。
C:\Users\村田 陸王\Downloads\Shooting\Shooting\MissileA.cpp(30,22): warning C4244: '引数': 'double' から 'int' への変換です。データが失われる可能性があります。
  MissileB.cpp
C:\Users\村田 陸王\Downloads\Shooting\Shooting\MissileB.cpp(37,59): warning C4244: '引数': 'double' から 'int' への変換です。データが失われる可能性があります。
C:\Users\村田 陸王\Downloads\Shooting\Shooting\MissileB.cpp(37,47): warning C4244: '引数': 'double' から 'int' への変換です。データが失われる可能性があります。
C:\Users\村田 陸王\Downloads\Shooting\Shooting\MissileB.cpp(37,35): warning C4244: '引数': 'double' から 'int' への変換です。データが失われる可能性があります。
C:\Users\村田 陸王\Downloads\Shooting\Shooting\MissileB.cpp(37,23): warning C4244: '引数': 'double' から 'int' への変換です。データが失われる可能性があります。
  Shooting.cpp
  ShootingApp.cpp
  コードを生成中...
  Shooting.vcxproj -> C:\Users\村田 陸王\Downloads\Shooting\Shooting\x64\Debug\Shooting.exe
