m:\shooting\x64\debug\vc143.pdb
m:\shooting\x64\debug\vc143.idb
m:\shooting\x64\debug\timer.obj
m:\shooting\x64\debug\shootingapp.obj
m:\shooting\x64\debug\shooting.obj
m:\shooting\x64\debug\score.obj
m:\shooting\x64\debug\missileb.obj
m:\shooting\x64\debug\missilea.obj
m:\shooting\x64\debug\missile.obj
m:\shooting\x64\debug\flyingobject.obj
m:\shooting\x64\debug\fighter.obj
m:\shooting\x64\debug\enemyb.obj
m:\shooting\x64\debug\enemya.obj
m:\shooting\x64\debug\enemy.obj
m:\shooting\x64\debug\app.obj
m:\shooting\x64\debug\sound.obj
m:\shooting\x64\debug\shooting.exe
m:\shooting\x64\debug\shooting.ilk
m:\shooting\x64\debug\shooting.pdb
m:\shooting\x64\debug\shooting.res
m:\shooting\x64\debug\shooting.tlog\cl.command.1.tlog
m:\shooting\x64\debug\shooting.tlog\cl.read.1.tlog
m:\shooting\x64\debug\shooting.tlog\cl.write.1.tlog
m:\shooting\x64\debug\shooting.tlog\link.command.1.tlog
m:\shooting\x64\debug\shooting.tlog\link.read.1.tlog
m:\shooting\x64\debug\shooting.tlog\link.write.1.tlog
m:\shooting\x64\debug\shooting.tlog\rc.command.1.tlog
m:\shooting\x64\debug\shooting.tlog\rc.read.1.tlog
m:\shooting\x64\debug\shooting.tlog\rc.write.1.tlog
